2023-12-14 23:17:56,505 INFO Вопрос 1: Критерием качества программы, определяющим соответствие результатов программы ее спецификации, является:
1. Надежность
2. Эффективность
3. Эргономичность
4. Корректность
2023-12-14 23:18:04,168 INFO Правильно!
2023-12-14 23:18:04,168 INFO Вопрос 2: Когда некоторые этапы алгоритма повторяются многократно, алгоритмическая конструкция носит название:
1. Линейной
2. Циклической
3. Ветвления
2023-12-14 23:18:06,247 INFO Правильно!
2023-12-14 23:18:06,248 INFO Вопрос 3: Переменная, изменяющая свое значение при каждом вхождении в цикл, называется:
1. Телом цикла
2. Параметром цикла
3. Индексом
4. Размером
2023-12-14 23:18:07,912 INFO Правильно!
2023-12-14 23:18:07,912 INFO Вопрос 4: Понятное и точное предписание исполнителю выполнить конечную последовательность команд, приводящую от исходных данных к искомому результату, называется:
1. Моделью
2. Алгоритмом
3. Системой
4. Технологией
2023-12-14 23:18:09,264 INFO Правильно!
2023-12-14 23:18:09,264 INFO Вопрос 5: Алгоритмом можно назвать:
1. Описание решения квадратного уравнения
2. Расписание уроков в колледже
3. Технический паспорт автомобиля
4. Список группы в журнале
2023-12-14 23:18:12,720 INFO Неправильно. Правильный ответ: 1
2023-12-14 23:18:12,720 INFO Вопрос 6: Многократно повторяющаяся часть алгоритма называется:
1. Параметром цикла
2. Телом цикла
3. Перебором
2023-12-14 23:18:19,280 INFO Неправильно. Правильный ответ: 2
2023-12-14 23:18:19,280 INFO Вопрос 7: Для понятности текстов программ в имени целых переменных включают приставку:
1. Sng
2. Int
3. Str
2023-12-14 23:18:23,848 INFO Правильно!
2023-12-14 23:18:23,848 INFO Количество правильных ответов: 5 из 7
2023-12-14 23:18:23,848 INFO Оценка качества выполнения теста: 71.42857142857143%
2023-12-14 23:19:23,746 INFO Вопрос 1: Критерием качества программы, определяющим соответствие результатов программы ее спецификации, является:
1. Надежность
2. Эффективность
3. Эргономичность
4. Корректность
2023-12-14 23:19:33,825 ERROR Ошибка: Введите номер из предложенных вариантов
2023-12-14 23:19:33,825 INFO Вопрос 2: Когда некоторые этапы алгоритма повторяются многократно, алгоритмическая конструкция носит название:
1. Линейной
2. Циклической
3. Ветвления
2023-12-14 23:19:46,368 INFO Правильно!
2023-12-14 23:19:46,368 INFO Вопрос 3: Переменная, изменяющая свое значение при каждом вхождении в цикл, называется:
1. Телом цикла
2. Параметром цикла
3. Индексом
4. Размером
2023-12-14 23:19:46,920 INFO Правильно!
2023-12-14 23:19:46,920 INFO Вопрос 4: Понятное и точное предписание исполнителю выполнить конечную последовательность команд, приводящую от исходных данных к искомому результату, называется:
1. Моделью
2. Алгоритмом
3. Системой
4. Технологией
2023-12-14 23:19:48,104 INFO Правильно!
2023-12-14 23:19:48,104 INFO Вопрос 5: Алгоритмом можно назвать:
1. Описание решения квадратного уравнения
2. Расписание уроков в колледже
3. Технический паспорт автомобиля
4. Список группы в журнале
2023-12-14 23:19:49,680 INFO Правильно!
2023-12-14 23:19:49,680 INFO Вопрос 6: Многократно повторяющаяся часть алгоритма называется:
1. Параметром цикла
2. Телом цикла
3. Перебором
2023-12-14 23:19:53,768 INFO Правильно!
2023-12-14 23:19:53,768 INFO Вопрос 7: Для понятности текстов программ в имени целых переменных включают приставку:
1. Sng
2. Int
3. Str
2023-12-14 23:19:55,360 INFO Правильно!
2023-12-14 23:19:55,360 INFO Количество правильных ответов: 6 из 7
2023-12-14 23:19:55,360 INFO Оценка качества выполнения теста: 85.71428571428571%
